[debug] [2026-02-27T15:33:31.757Z] ----------------------------------------------------------------------
[debug] [2026-02-27T15:33:31.758Z] Command:       C:\Program Files\nodejs\node.exe C:\Users\migue\AppData\Roaming\npm\node_modules\firebase-tools\lib\bin\firebase.js deploy --only functions
[debug] [2026-02-27T15:33:31.759Z] CLI Version:   15.8.0
[debug] [2026-02-27T15:33:31.759Z] Platform:      win32
[debug] [2026-02-27T15:33:31.759Z] Node Version:  v22.15.1
[debug] [2026-02-27T15:33:31.759Z] Time:          Fri Feb 27 2026 15:33:31 GMT+0000 (Hora padrão da Europa Ocidental)
[debug] [2026-02-27T15:33:31.759Z] ----------------------------------------------------------------------
[debug] 
[debug] [2026-02-27T15:33:34.042Z] > command requires scopes: ["email","openid","https://www.googleapis.com/auth/cloudplatformprojects.readonly","https://www.googleapis.com/auth/firebase","https://www.googleapis.com/auth/cloud-platform"]
[debug] [2026-02-27T15:33:34.043Z] > authorizing via signed-in user (miguel.olegna1@gmail.com)
[debug] [2026-02-27T15:33:34.043Z] [iam] checking project aktie-48208 for permissions ["cloudfunctions.functions.create","cloudfunctions.functions.delete","cloudfunctions.functions.get","cloudfunctions.functions.list","cloudfunctions.functions.update","cloudfunctions.operations.get","firebase.projects.get"]
[debug] [2026-02-27T15:33:34.044Z] Checked if tokens are valid: false, expires at: 1772200142112
[debug] [2026-02-27T15:33:34.044Z] Checked if tokens are valid: false, expires at: 1772200142112
[debug] [2026-02-27T15:33:34.044Z] > refreshing access token with scopes: []
[debug] [2026-02-27T15:33:34.046Z] >>> [apiv2][query] POST https://www.googleapis.com/oauth2/v3/token [none]
[debug] [2026-02-27T15:33:34.047Z] >>> [apiv2][body] POST https://www.googleapis.com/oauth2/v3/token [omitted]
[debug] [2026-02-27T15:33:34.393Z] <<< [apiv2][status] POST https://www.googleapis.com/oauth2/v3/token 200
[debug] [2026-02-27T15:33:34.393Z] <<< [apiv2][body] POST https://www.googleapis.com/oauth2/v3/token [omitted]
[debug] [2026-02-27T15:33:34.401Z] >>> [apiv2][query] POST https://cloudresourcemanager.googleapis.com/v1/projects/aktie-48208:testIamPermissions [none]
[debug] [2026-02-27T15:33:34.401Z] >>> [apiv2][(partial)header] POST https://cloudresourcemanager.googleapis.com/v1/projects/aktie-48208:testIamPermissions  x-goog-user-project=aktie-48208
[debug] [2026-02-27T15:33:34.401Z] >>> [apiv2][body] POST https://cloudresourcemanager.googleapis.com/v1/projects/aktie-48208:testIamPermissions {"permissions":["cloudfunctions.functions.create","cloudfunctions.functions.delete","cloudfunctions.functions.get","cloudfunctions.functions.list","cloudfunctions.functions.update","cloudfunctions.operations.get","firebase.projects.get"]}
